The system is: Linux - 3.3.4-5.fc17.i686.PAE - i686
Compiling the C compiler identification source file "CMakeCCompilerId.c" succeeded.
Compiler: /usr/bin/gcc 
Build flags: 
Id flags: 

The output was:
0


Compilation of the C compiler identification source "CMakeCCompilerId.c" produced "a.out"

The C compiler identification is GNU, found in "/root/Documents/Project/LaurentGomila-SFML-f5b9c7e/CMakeFiles/CompilerIdC/a.out"

Compiling the CXX compiler identification source file "CMakeCXXCompilerId.cpp" succeeded.
Compiler: /usr/bin/c++ 
Build flags: 
Id flags: 

The output was:
0


Compilation of the CXX compiler identification source "CMakeCXXCompilerId.cpp" produced "a.out"

The CXX compiler identification is GNU, found in "/root/Documents/Project/LaurentGomila-SFML-f5b9c7e/CMakeFiles/CompilerIdCXX/a.out"

Determining if the C compiler works passed with the following output:
Change Dir: /root/Documents/Project/LaurentGomila-SFML-f5b9c7e/CMakeFiles/CMakeTmp

Run Build Command:/usr/bin/gmake "cmTryCompileExec1629051046/fast"
/usr/bin/gmake -f CMakeFiles/cmTryCompileExec1629051046.dir/build.make CMakeFiles/cmTryCompileExec1629051046.dir/build
gmake[1]: Entering directory `/root/Documents/Project/LaurentGomila-SFML-f5b9c7e/CMakeFiles/CMakeTmp'
/usr/bin/cmake -E cmake_progress_report /root/Documents/Project/LaurentGomila-SFML-f5b9c7e/CMakeFiles/CMakeTmp/CMakeFiles 1
Building C object CMakeFiles/cmTryCompileExec1629051046.dir/testCCompiler.c.o
/usr/bin/gcc    -o CMakeFiles/cmTryCompileExec1629051046.dir/testCCompiler.c.o   -c /root/Documents/Project/LaurentGomila-SFML-f5b9c7e/CMakeFiles/CMakeTmp/testCCompiler.c
Linking C executable cmTryCompileExec1629051046
/usr/bin/cmake -E cmake_link_script CMakeFiles/cmTryCompileExec1629051046.dir/link.txt --verbose=1
/usr/bin/gcc         CMakeFiles/cmTryCompileExec1629051046.dir/testCCompiler.c.o  -o cmTryCompileExec1629051046 -rdynamic 
gmake[1]: Leaving directory `/root/Documents/Project/LaurentGomila-SFML-f5b9c7e/CMakeFiles/CMakeTmp'


Detecting C compiler ABI info compiled with the following output:
Change Dir: /root/Documents/Project/LaurentGomila-SFML-f5b9c7e/CMakeFiles/CMakeTmp

Run Build Command:/usr/bin/gmake "cmTryCompileExec208559266/fast"
/usr/bin/gmake -f CMakeFiles/cmTryCompileExec208559266.dir/build.make CMakeFiles/cmTryCompileExec208559266.dir/build
gmake[1]: Entering directory `/root/Documents/Project/LaurentGomila-SFML-f5b9c7e/CMakeFiles/CMakeTmp'
/usr/bin/cmake -E cmake_progress_report /root/Documents/Project/LaurentGomila-SFML-f5b9c7e/CMakeFiles/CMakeTmp/CMakeFiles 1
Building C object CMakeFiles/cmTryCompileExec208559266.dir/CMakeCCompilerABI.c.o
/usr/bin/gcc    -o CMakeFiles/cmTryCompileExec208559266.dir/CMakeCCompilerABI.c.o   -c /usr/share/cmake/Modules/CMakeCCompilerABI.c
Linking C executable cmTryCompileExec208559266
/usr/bin/cmake -E cmake_link_script CMakeFiles/cmTryCompileExec208559266.dir/link.txt --verbose=1
/usr/bin/gcc       -v CMakeFiles/cmTryCompileExec208559266.dir/CMakeCCompilerABI.c.o  -o cmTryCompileExec208559266 -rdynamic  
Using built-in specs.
COLLECT_GCC=/usr/bin/gcc
COLLECT_LTO_WRAPPER=/usr/libexec/gcc/i686-redhat-linux/4.7.2/lto-wrapper
Target: i686-redhat-linux
Configured with: ../configure --prefix=/usr --mandir=/usr/share/man --infodir=/usr/share/info --with-bugurl=http://bugzilla.redhat.com/bugzilla --enable-bootstrap --enable-shared --enable-threads=posix --enable-checking=release --disable-build-with-cxx --disable-build-poststage1-with-cxx --with-system-zlib --enable-__cxa_atexit --disable-libunwind-exceptions --enable-gnu-unique-object --enable-linker-build-id --with-linker-hash-style=gnu --enable-languages=c,c++,objc,obj-c++,java,fortran,ada,go,lto --enable-plugin --enable-initfini-array --enable-java-awt=gtk --disable-dssi --with-java-home=/usr/lib/jvm/java-1.5.0-gcj-1.5.0.0/jre --enable-libgcj-multifile --enable-java-maintainer-mode --with-ecj-jar=/usr/share/java/eclipse-ecj.jar --disable-libjava-multilib --with-ppl --with-cloog --with-tune=generic --with-arch=i686 --build=i686-redhat-linux
Thread model: posix
gcc version 4.7.2 20120921 (Red Hat 4.7.2-2) (GCC) 
COMPILER_PATH=/usr/libexec/gcc/i686-redhat-linux/4.7.2/:/usr/libexec/gcc/i686-redhat-linux/4.7.2/:/usr/libexec/gcc/i686-redhat-linux/:/usr/lib/gcc/i686-redhat-linux/4.7.2/:/usr/lib/gcc/i686-redhat-linux/
LIBRARY_PATH=/usr/lib/gcc/i686-redhat-linux/4.7.2/:/usr/lib/gcc/i686-redhat-linux/4.7.2/../../../:/lib/:/usr/lib/
COLLECT_GCC_OPTIONS='-v' '-o' 'cmTryCompileExec208559266' '-rdynamic' '-mtune=generic' '-march=i686'
 /usr/libexec/gcc/i686-redhat-linux/4.7.2/collect2 --build-id --no-add-needed --eh-frame-hdr --hash-style=gnu -m elf_i386 -export-dynamic -dynamic-linker /lib/ld-linux.so.2 -o cmTryCompileExec208559266 /usr/lib/gcc/i686-redhat-linux/4.7.2/../../../crt1.o /usr/lib/gcc/i686-redhat-linux/4.7.2/../../../crti.o /usr/lib/gcc/i686-redhat-linux/4.7.2/crtbegin.o -L/usr/lib/gcc/i686-redhat-linux/4.7.2 -L/usr/lib/gcc/i686-redhat-linux/4.7.2/../../.. CMakeFiles/cmTryCompileExec208559266.dir/CMakeCCompilerABI.c.o -lgcc --as-needed -lgcc_s --no-as-needed -lc -lgcc --as-needed -lgcc_s --no-as-needed /usr/lib/gcc/i686-redhat-linux/4.7.2/crtend.o /usr/lib/gcc/i686-redhat-linux/4.7.2/../../../crtn.o
gmake[1]: Leaving directory `/root/Documents/Project/LaurentGomila-SFML-f5b9c7e/CMakeFiles/CMakeTmp'


Parsed C implicit link information from above output:
  link line regex: [^( *|.*[/\])(ld|ld|collect2)[^/\]*( |$)]
  ignore line: [Change Dir: /root/Documents/Project/LaurentGomila-SFML-f5b9c7e/CMakeFiles/CMakeTmp]
  ignore line: []
  ignore line: [Run Build Command:/usr/bin/gmake "cmTryCompileExec208559266/fast"]
  ignore line: [/usr/bin/gmake -f CMakeFiles/cmTryCompileExec208559266.dir/build.make CMakeFiles/cmTryCompileExec208559266.dir/build]
  ignore line: [gmake[1]: Entering directory `/root/Documents/Project/LaurentGomila-SFML-f5b9c7e/CMakeFiles/CMakeTmp']
  ignore line: [/usr/bin/cmake -E cmake_progress_report /root/Documents/Project/LaurentGomila-SFML-f5b9c7e/CMakeFiles/CMakeTmp/CMakeFiles 1]
  ignore line: [Building C object CMakeFiles/cmTryCompileExec208559266.dir/CMakeCCompilerABI.c.o]
  ignore line: [/usr/bin/gcc    -o CMakeFiles/cmTryCompileExec208559266.dir/CMakeCCompilerABI.c.o   -c /usr/share/cmake/Modules/CMakeCCompilerABI.c]
  ignore line: [Linking C executable cmTryCompileExec208559266]
  ignore line: [/usr/bin/cmake -E cmake_link_script CMakeFiles/cmTryCompileExec208559266.dir/link.txt --verbose=1]
  ignore line: [/usr/bin/gcc       -v CMakeFiles/cmTryCompileExec208559266.dir/CMakeCCompilerABI.c.o  -o cmTryCompileExec208559266 -rdynamic  ]
  ignore line: [Using built-in specs.]
  ignore line: [COLLECT_GCC=/usr/bin/gcc]
  ignore line: [COLLECT_LTO_WRAPPER=/usr/libexec/gcc/i686-redhat-linux/4.7.2/lto-wrapper]
  ignore line: [Target: i686-redhat-linux]
  ignore line: [Configured with: ../configure --prefix=/usr --mandir=/usr/share/man --infodir=/usr/share/info --with-bugurl=http://bugzilla.redhat.com/bugzilla --enable-bootstrap --enable-shared --enable-threads=posix --enable-checking=release --disable-build-with-cxx --disable-build-poststage1-with-cxx --with-system-zlib --enable-__cxa_atexit --disable-libunwind-exceptions --enable-gnu-unique-object --enable-linker-build-id --with-linker-hash-style=gnu --enable-languages=c,c++,objc,obj-c++,java,fortran,ada,go,lto --enable-plugin --enable-initfini-array --enable-java-awt=gtk --disable-dssi --with-java-home=/usr/lib/jvm/java-1.5.0-gcj-1.5.0.0/jre --enable-libgcj-multifile --enable-java-maintainer-mode --with-ecj-jar=/usr/share/java/eclipse-ecj.jar --disable-libjava-multilib --with-ppl --with-cloog --with-tune=generic --with-arch=i686 --build=i686-redhat-linux]
  ignore line: [Thread model: posix]
  ignore line: [gcc version 4.7.2 20120921 (Red Hat 4.7.2-2) (GCC) ]
  ignore line: [COMPILER_PATH=/usr/libexec/gcc/i686-redhat-linux/4.7.2/:/usr/libexec/gcc/i686-redhat-linux/4.7.2/:/usr/libexec/gcc/i686-redhat-linux/:/usr/lib/gcc/i686-redhat-linux/4.7.2/:/usr/lib/gcc/i686-redhat-linux/]
  ignore line: [LIBRARY_PATH=/usr/lib/gcc/i686-redhat-linux/4.7.2/:/usr/lib/gcc/i686-redhat-linux/4.7.2/../../../:/lib/:/usr/lib/]
  ignore line: [COLLECT_GCC_OPTIONS='-v' '-o' 'cmTryCompileExec208559266' '-rdynamic' '-mtune=generic' '-march=i686']
  link line: [ /usr/libexec/gcc/i686-redhat-linux/4.7.2/collect2 --build-id --no-add-needed --eh-frame-hdr --hash-style=gnu -m elf_i386 -export-dynamic -dynamic-linker /lib/ld-linux.so.2 -o cmTryCompileExec208559266 /usr/lib/gcc/i686-redhat-linux/4.7.2/../../../crt1.o /usr/lib/gcc/i686-redhat-linux/4.7.2/../../../crti.o /usr/lib/gcc/i686-redhat-linux/4.7.2/crtbegin.o -L/usr/lib/gcc/i686-redhat-linux/4.7.2 -L/usr/lib/gcc/i686-redhat-linux/4.7.2/../../.. CMakeFiles/cmTryCompileExec208559266.dir/CMakeCCompilerABI.c.o -lgcc --as-needed -lgcc_s --no-as-needed -lc -lgcc --as-needed -lgcc_s --no-as-needed /usr/lib/gcc/i686-redhat-linux/4.7.2/crtend.o /usr/lib/gcc/i686-redhat-linux/4.7.2/../../../crtn.o]
    arg [/usr/libexec/gcc/i686-redhat-linux/4.7.2/collect2] ==> ignore
    arg [--build-id] ==> ignore
    arg [--no-add-needed] ==> ignore
    arg [--eh-frame-hdr] ==> ignore
    arg [--hash-style=gnu] ==> ignore
    arg [-m] ==> ignore
    arg [elf_i386] ==> ignore
    arg [-export-dynamic] ==> ignore
    arg [-dynamic-linker] ==> ignore
    arg [/lib/ld-linux.so.2] ==> ignore
    arg [-o] ==> ignore
    arg [cmTryCompileExec208559266] ==> ignore
    arg [/usr/lib/gcc/i686-redhat-linux/4.7.2/../../../crt1.o] ==> ignore
    arg [/usr/lib/gcc/i686-redhat-linux/4.7.2/../../../crti.o] ==> ignore
    arg [/usr/lib/gcc/i686-redhat-linux/4.7.2/crtbegin.o] ==> ignore
    arg [-L/usr/lib/gcc/i686-redhat-linux/4.7.2] ==> dir [/usr/lib/gcc/i686-redhat-linux/4.7.2]
    arg [-L/usr/lib/gcc/i686-redhat-linux/4.7.2/../../..] ==> dir [/usr/lib/gcc/i686-redhat-linux/4.7.2/../../..]
    arg [CMakeFiles/cmTryCompileExec208559266.dir/CMakeCCompilerABI.c.o] ==> ignore
    arg [-lgcc] ==> lib [gcc]
    arg [--as-needed] ==> ignore
    arg [-lgcc_s] ==> lib [gcc_s]
    arg [--no-as-needed] ==> ignore
    arg [-lc] ==> lib [c]
    arg [-lgcc] ==> lib [gcc]
    arg [--as-needed] ==> ignore
    arg [-lgcc_s] ==> lib [gcc_s]
    arg [--no-as-needed] ==> ignore
    arg [/usr/lib/gcc/i686-redhat-linux/4.7.2/crtend.o] ==> ignore
    arg [/usr/lib/gcc/i686-redhat-linux/4.7.2/../../../crtn.o] ==> ignore
  remove lib [gcc]
  remove lib [gcc_s]
  remove lib [gcc]
  remove lib [gcc_s]
  collapse dir [/usr/lib/gcc/i686-redhat-linux/4.7.2] ==> [/usr/lib/gcc/i686-redhat-linux/4.7.2]
  collapse dir [/usr/lib/gcc/i686-redhat-linux/4.7.2/../../..] ==> [/usr/lib]
  implicit libs: [c]
  implicit dirs: [/usr/lib/gcc/i686-redhat-linux/4.7.2;/usr/lib]


Determining if the CXX compiler works passed with the following output:
Change Dir: /root/Documents/Project/LaurentGomila-SFML-f5b9c7e/CMakeFiles/CMakeTmp

Run Build Command:/usr/bin/gmake "cmTryCompileExec2167421352/fast"
/usr/bin/gmake -f CMakeFiles/cmTryCompileExec2167421352.dir/build.make CMakeFiles/cmTryCompileExec2167421352.dir/build
gmake[1]: Entering directory `/root/Documents/Project/LaurentGomila-SFML-f5b9c7e/CMakeFiles/CMakeTmp'
/usr/bin/cmake -E cmake_progress_report /root/Documents/Project/LaurentGomila-SFML-f5b9c7e/CMakeFiles/CMakeTmp/CMakeFiles 1
Building CXX object CMakeFiles/cmTryCompileExec2167421352.dir/testCXXCompiler.cxx.o
/usr/bin/c++     -o CMakeFiles/cmTryCompileExec2167421352.dir/testCXXCompiler.cxx.o -c /root/Documents/Project/LaurentGomila-SFML-f5b9c7e/CMakeFiles/CMakeTmp/testCXXCompiler.cxx
Linking CXX executable cmTryCompileExec2167421352
/usr/bin/cmake -E cmake_link_script CMakeFiles/cmTryCompileExec2167421352.dir/link.txt --verbose=1
/usr/bin/c++          CMakeFiles/cmTryCompileExec2167421352.dir/testCXXCompiler.cxx.o  -o cmTryCompileExec2167421352 -rdynamic 
gmake[1]: Leaving directory `/root/Documents/Project/LaurentGomila-SFML-f5b9c7e/CMakeFiles/CMakeTmp'


Detecting CXX compiler ABI info compiled with the following output:
Change Dir: /root/Documents/Project/LaurentGomila-SFML-f5b9c7e/CMakeFiles/CMakeTmp

Run Build Command:/usr/bin/gmake "cmTryCompileExec3123383056/fast"
/usr/bin/gmake -f CMakeFiles/cmTryCompileExec3123383056.dir/build.make CMakeFiles/cmTryCompileExec3123383056.dir/build
gmake[1]: Entering directory `/root/Documents/Project/LaurentGomila-SFML-f5b9c7e/CMakeFiles/CMakeTmp'
/usr/bin/cmake -E cmake_progress_report /root/Documents/Project/LaurentGomila-SFML-f5b9c7e/CMakeFiles/CMakeTmp/CMakeFiles 1
Building CXX object CMakeFiles/cmTryCompileExec3123383056.dir/CMakeCXXCompilerABI.cpp.o
/usr/bin/c++     -o CMakeFiles/cmTryCompileExec3123383056.dir/CMakeCXXCompilerABI.cpp.o -c /usr/share/cmake/Modules/CMakeCXXCompilerABI.cpp
Linking CXX executable cmTryCompileExec3123383056
/usr/bin/cmake -E cmake_link_script CMakeFiles/cmTryCompileExec3123383056.dir/link.txt --verbose=1
/usr/bin/c++        -v CMakeFiles/cmTryCompileExec3123383056.dir/CMakeCXXCompilerABI.cpp.o  -o cmTryCompileExec3123383056 -rdynamic  
Using built-in specs.
COLLECT_GCC=/usr/bin/c++
COLLECT_LTO_WRAPPER=/usr/libexec/gcc/i686-redhat-linux/4.7.2/lto-wrapper
Target: i686-redhat-linux
Configured with: ../configure --prefix=/usr --mandir=/usr/share/man --infodir=/usr/share/info --with-bugurl=http://bugzilla.redhat.com/bugzilla --enable-bootstrap --enable-shared --enable-threads=posix --enable-checking=release --disable-build-with-cxx --disable-build-poststage1-with-cxx --with-system-zlib --enable-__cxa_atexit --disable-libunwind-exceptions --enable-gnu-unique-object --enable-linker-build-id --with-linker-hash-style=gnu --enable-languages=c,c++,objc,obj-c++,java,fortran,ada,go,lto --enable-plugin --enable-initfini-array --enable-java-awt=gtk --disable-dssi --with-java-home=/usr/lib/jvm/java-1.5.0-gcj-1.5.0.0/jre --enable-libgcj-multifile --enable-java-maintainer-mode --with-ecj-jar=/usr/share/java/eclipse-ecj.jar --disable-libjava-multilib --with-ppl --with-cloog --with-tune=generic --with-arch=i686 --build=i686-redhat-linux
Thread model: posix
gcc version 4.7.2 20120921 (Red Hat 4.7.2-2) (GCC) 
COMPILER_PATH=/usr/libexec/gcc/i686-redhat-linux/4.7.2/:/usr/libexec/gcc/i686-redhat-linux/4.7.2/:/usr/libexec/gcc/i686-redhat-linux/:/usr/lib/gcc/i686-redhat-linux/4.7.2/:/usr/lib/gcc/i686-redhat-linux/
LIBRARY_PATH=/usr/lib/gcc/i686-redhat-linux/4.7.2/:/usr/lib/gcc/i686-redhat-linux/4.7.2/../../../:/lib/:/usr/lib/
COLLECT_GCC_OPTIONS='-v' '-o' 'cmTryCompileExec3123383056' '-rdynamic' '-shared-libgcc' '-mtune=generic' '-march=i686'
 /usr/libexec/gcc/i686-redhat-linux/4.7.2/collect2 --build-id --no-add-needed --eh-frame-hdr --hash-style=gnu -m elf_i386 -export-dynamic -dynamic-linker /lib/ld-linux.so.2 -o cmTryCompileExec3123383056 /usr/lib/gcc/i686-redhat-linux/4.7.2/../../../crt1.o /usr/lib/gcc/i686-redhat-linux/4.7.2/../../../crti.o /usr/lib/gcc/i686-redhat-linux/4.7.2/crtbegin.o -L/usr/lib/gcc/i686-redhat-linux/4.7.2 -L/usr/lib/gcc/i686-redhat-linux/4.7.2/../../.. CMakeFiles/cmTryCompileExec3123383056.dir/CMakeCXXCompilerABI.cpp.o -lstdc++ -lm -lgcc_s -lgcc -lc -lgcc_s -lgcc /usr/lib/gcc/i686-redhat-linux/4.7.2/crtend.o /usr/lib/gcc/i686-redhat-linux/4.7.2/../../../crtn.o
gmake[1]: Leaving directory `/root/Documents/Project/LaurentGomila-SFML-f5b9c7e/CMakeFiles/CMakeTmp'


Parsed CXX implicit link information from above output:
  link line regex: [^( *|.*[/\])(ld|ld|collect2)[^/\]*( |$)]
  ignore line: [Change Dir: /root/Documents/Project/LaurentGomila-SFML-f5b9c7e/CMakeFiles/CMakeTmp]
  ignore line: []
  ignore line: [Run Build Command:/usr/bin/gmake "cmTryCompileExec3123383056/fast"]
  ignore line: [/usr/bin/gmake -f CMakeFiles/cmTryCompileExec3123383056.dir/build.make CMakeFiles/cmTryCompileExec3123383056.dir/build]
  ignore line: [gmake[1]: Entering directory `/root/Documents/Project/LaurentGomila-SFML-f5b9c7e/CMakeFiles/CMakeTmp']
  ignore line: [/usr/bin/cmake -E cmake_progress_report /root/Documents/Project/LaurentGomila-SFML-f5b9c7e/CMakeFiles/CMakeTmp/CMakeFiles 1]
  ignore line: [Building CXX object CMakeFiles/cmTryCompileExec3123383056.dir/CMakeCXXCompilerABI.cpp.o]
  ignore line: [/usr/bin/c++     -o CMakeFiles/cmTryCompileExec3123383056.dir/CMakeCXXCompilerABI.cpp.o -c /usr/share/cmake/Modules/CMakeCXXCompilerABI.cpp]
  ignore line: [Linking CXX executable cmTryCompileExec3123383056]
  ignore line: [/usr/bin/cmake -E cmake_link_script CMakeFiles/cmTryCompileExec3123383056.dir/link.txt --verbose=1]
  ignore line: [/usr/bin/c++        -v CMakeFiles/cmTryCompileExec3123383056.dir/CMakeCXXCompilerABI.cpp.o  -o cmTryCompileExec3123383056 -rdynamic  ]
  ignore line: [Using built-in specs.]
  ignore line: [COLLECT_GCC=/usr/bin/c++]
  ignore line: [COLLECT_LTO_WRAPPER=/usr/libexec/gcc/i686-redhat-linux/4.7.2/lto-wrapper]
  ignore line: [Target: i686-redhat-linux]
  ignore line: [Configured with: ../configure --prefix=/usr --mandir=/usr/share/man --infodir=/usr/share/info --with-bugurl=http://bugzilla.redhat.com/bugzilla --enable-bootstrap --enable-shared --enable-threads=posix --enable-checking=release --disable-build-with-cxx --disable-build-poststage1-with-cxx --with-system-zlib --enable-__cxa_atexit --disable-libunwind-exceptions --enable-gnu-unique-object --enable-linker-build-id --with-linker-hash-style=gnu --enable-languages=c,c++,objc,obj-c++,java,fortran,ada,go,lto --enable-plugin --enable-initfini-array --enable-java-awt=gtk --disable-dssi --with-java-home=/usr/lib/jvm/java-1.5.0-gcj-1.5.0.0/jre --enable-libgcj-multifile --enable-java-maintainer-mode --with-ecj-jar=/usr/share/java/eclipse-ecj.jar --disable-libjava-multilib --with-ppl --with-cloog --with-tune=generic --with-arch=i686 --build=i686-redhat-linux]
  ignore line: [Thread model: posix]
  ignore line: [gcc version 4.7.2 20120921 (Red Hat 4.7.2-2) (GCC) ]
  ignore line: [COMPILER_PATH=/usr/libexec/gcc/i686-redhat-linux/4.7.2/:/usr/libexec/gcc/i686-redhat-linux/4.7.2/:/usr/libexec/gcc/i686-redhat-linux/:/usr/lib/gcc/i686-redhat-linux/4.7.2/:/usr/lib/gcc/i686-redhat-linux/]
  ignore line: [LIBRARY_PATH=/usr/lib/gcc/i686-redhat-linux/4.7.2/:/usr/lib/gcc/i686-redhat-linux/4.7.2/../../../:/lib/:/usr/lib/]
  ignore line: [COLLECT_GCC_OPTIONS='-v' '-o' 'cmTryCompileExec3123383056' '-rdynamic' '-shared-libgcc' '-mtune=generic' '-march=i686']
  link line: [ /usr/libexec/gcc/i686-redhat-linux/4.7.2/collect2 --build-id --no-add-needed --eh-frame-hdr --hash-style=gnu -m elf_i386 -export-dynamic -dynamic-linker /lib/ld-linux.so.2 -o cmTryCompileExec3123383056 /usr/lib/gcc/i686-redhat-linux/4.7.2/../../../crt1.o /usr/lib/gcc/i686-redhat-linux/4.7.2/../../../crti.o /usr/lib/gcc/i686-redhat-linux/4.7.2/crtbegin.o -L/usr/lib/gcc/i686-redhat-linux/4.7.2 -L/usr/lib/gcc/i686-redhat-linux/4.7.2/../../.. CMakeFiles/cmTryCompileExec3123383056.dir/CMakeCXXCompilerABI.cpp.o -lstdc++ -lm -lgcc_s -lgcc -lc -lgcc_s -lgcc /usr/lib/gcc/i686-redhat-linux/4.7.2/crtend.o /usr/lib/gcc/i686-redhat-linux/4.7.2/../../../crtn.o]
    arg [/usr/libexec/gcc/i686-redhat-linux/4.7.2/collect2] ==> ignore
    arg [--build-id] ==> ignore
    arg [--no-add-needed] ==> ignore
    arg [--eh-frame-hdr] ==> ignore
    arg [--hash-style=gnu] ==> ignore
    arg [-m] ==> ignore
    arg [elf_i386] ==> ignore
    arg [-export-dynamic] ==> ignore
    arg [-dynamic-linker] ==> ignore
    arg [/lib/ld-linux.so.2] ==> ignore
    arg [-o] ==> ignore
    arg [cmTryCompileExec3123383056] ==> ignore
    arg [/usr/lib/gcc/i686-redhat-linux/4.7.2/../../../crt1.o] ==> ignore
    arg [/usr/lib/gcc/i686-redhat-linux/4.7.2/../../../crti.o] ==> ignore
    arg [/usr/lib/gcc/i686-redhat-linux/4.7.2/crtbegin.o] ==> ignore
    arg [-L/usr/lib/gcc/i686-redhat-linux/4.7.2] ==> dir [/usr/lib/gcc/i686-redhat-linux/4.7.2]
    arg [-L/usr/lib/gcc/i686-redhat-linux/4.7.2/../../..] ==> dir [/usr/lib/gcc/i686-redhat-linux/4.7.2/../../..]
    arg [CMakeFiles/cmTryCompileExec3123383056.dir/CMakeCXXCompilerABI.cpp.o] ==> ignore
    arg [-lstdc++] ==> lib [stdc++]
    arg [-lm] ==> lib [m]
    arg [-lgcc_s] ==> lib [gcc_s]
    arg [-lgcc] ==> lib [gcc]
    arg [-lc] ==> lib [c]
    arg [-lgcc_s] ==> lib [gcc_s]
    arg [-lgcc] ==> lib [gcc]
    arg [/usr/lib/gcc/i686-redhat-linux/4.7.2/crtend.o] ==> ignore
    arg [/usr/lib/gcc/i686-redhat-linux/4.7.2/../../../crtn.o] ==> ignore
  remove lib [gcc_s]
  remove lib [gcc]
  remove lib [gcc_s]
  remove lib [gcc]
  collapse dir [/usr/lib/gcc/i686-redhat-linux/4.7.2] ==> [/usr/lib/gcc/i686-redhat-linux/4.7.2]
  collapse dir [/usr/lib/gcc/i686-redhat-linux/4.7.2/../../..] ==> [/usr/lib]
  implicit libs: [stdc++;m;c]
  implicit dirs: [/usr/lib/gcc/i686-redhat-linux/4.7.2;/usr/lib]


Determining if the function XOpenDisplay exists in the /usr/lib/libX11.so;/usr/lib/libXext.so passed with the following output:
Change Dir: /root/Documents/Project/LaurentGomila-SFML-f5b9c7e/CMakeFiles/CMakeTmp

Run Build Command:/usr/bin/gmake "cmTryCompileExec3194858353/fast"
/usr/bin/gmake -f CMakeFiles/cmTryCompileExec3194858353.dir/build.make CMakeFiles/cmTryCompileExec3194858353.dir/build
gmake[1]: Entering directory `/root/Documents/Project/LaurentGomila-SFML-f5b9c7e/CMakeFiles/CMakeTmp'
/usr/bin/cmake -E cmake_progress_report /root/Documents/Project/LaurentGomila-SFML-f5b9c7e/CMakeFiles/CMakeTmp/CMakeFiles 1
Building C object CMakeFiles/cmTryCompileExec3194858353.dir/CheckFunctionExists.c.o
/usr/bin/gcc   -DCHECK_FUNCTION_EXISTS=XOpenDisplay   -o CMakeFiles/cmTryCompileExec3194858353.dir/CheckFunctionExists.c.o   -c /usr/share/cmake/Modules/CheckFunctionExists.c
Linking C executable cmTryCompileExec3194858353
/usr/bin/cmake -E cmake_link_script CMakeFiles/cmTryCompileExec3194858353.dir/link.txt --verbose=1
/usr/bin/gcc     -DCHECK_FUNCTION_EXISTS=XOpenDisplay    CMakeFiles/cmTryCompileExec3194858353.dir/CheckFunctionExists.c.o  -o cmTryCompileExec3194858353 -rdynamic -lX11 -lXext 
gmake[1]: Leaving directory `/root/Documents/Project/LaurentGomila-SFML-f5b9c7e/CMakeFiles/CMakeTmp'


Determining if the function gethostbyname exists passed with the following output:
Change Dir: /root/Documents/Project/LaurentGomila-SFML-f5b9c7e/CMakeFiles/CMakeTmp

Run Build Command:/usr/bin/gmake "cmTryCompileExec1254829746/fast"
/usr/bin/gmake -f CMakeFiles/cmTryCompileExec1254829746.dir/build.make CMakeFiles/cmTryCompileExec1254829746.dir/build
gmake[1]: Entering directory `/root/Documents/Project/LaurentGomila-SFML-f5b9c7e/CMakeFiles/CMakeTmp'
/usr/bin/cmake -E cmake_progress_report /root/Documents/Project/LaurentGomila-SFML-f5b9c7e/CMakeFiles/CMakeTmp/CMakeFiles 1
Building C object CMakeFiles/cmTryCompileExec1254829746.dir/CheckFunctionExists.c.o
/usr/bin/gcc   -DCHECK_FUNCTION_EXISTS=gethostbyname   -o CMakeFiles/cmTryCompileExec1254829746.dir/CheckFunctionExists.c.o   -c /usr/share/cmake/Modules/CheckFunctionExists.c
Linking C executable cmTryCompileExec1254829746
/usr/bin/cmake -E cmake_link_script CMakeFiles/cmTryCompileExec1254829746.dir/link.txt --verbose=1
/usr/bin/gcc     -DCHECK_FUNCTION_EXISTS=gethostbyname    CMakeFiles/cmTryCompileExec1254829746.dir/CheckFunctionExists.c.o  -o cmTryCompileExec1254829746 -rdynamic 
gmake[1]: Leaving directory `/root/Documents/Project/LaurentGomila-SFML-f5b9c7e/CMakeFiles/CMakeTmp'


Determining if the function connect exists passed with the following output:
Change Dir: /root/Documents/Project/LaurentGomila-SFML-f5b9c7e/CMakeFiles/CMakeTmp

Run Build Command:/usr/bin/gmake "cmTryCompileExec643373746/fast"
/usr/bin/gmake -f CMakeFiles/cmTryCompileExec643373746.dir/build.make CMakeFiles/cmTryCompileExec643373746.dir/build
gmake[1]: Entering directory `/root/Documents/Project/LaurentGomila-SFML-f5b9c7e/CMakeFiles/CMakeTmp'
/usr/bin/cmake -E cmake_progress_report /root/Documents/Project/LaurentGomila-SFML-f5b9c7e/CMakeFiles/CMakeTmp/CMakeFiles 1
Building C object CMakeFiles/cmTryCompileExec643373746.dir/CheckFunctionExists.c.o
/usr/bin/gcc   -DCHECK_FUNCTION_EXISTS=connect   -o CMakeFiles/cmTryCompileExec643373746.dir/CheckFunctionExists.c.o   -c /usr/share/cmake/Modules/CheckFunctionExists.c
Linking C executable cmTryCompileExec643373746
/usr/bin/cmake -E cmake_link_script CMakeFiles/cmTryCompileExec643373746.dir/link.txt --verbose=1
/usr/bin/gcc     -DCHECK_FUNCTION_EXISTS=connect    CMakeFiles/cmTryCompileExec643373746.dir/CheckFunctionExists.c.o  -o cmTryCompileExec643373746 -rdynamic 
gmake[1]: Leaving directory `/root/Documents/Project/LaurentGomila-SFML-f5b9c7e/CMakeFiles/CMakeTmp'


Determining if the function remove exists passed with the following output:
Change Dir: /root/Documents/Project/LaurentGomila-SFML-f5b9c7e/CMakeFiles/CMakeTmp

Run Build Command:/usr/bin/gmake "cmTryCompileExec4280505394/fast"
/usr/bin/gmake -f CMakeFiles/cmTryCompileExec4280505394.dir/build.make CMakeFiles/cmTryCompileExec4280505394.dir/build
gmake[1]: Entering directory `/root/Documents/Project/LaurentGomila-SFML-f5b9c7e/CMakeFiles/CMakeTmp'
/usr/bin/cmake -E cmake_progress_report /root/Documents/Project/LaurentGomila-SFML-f5b9c7e/CMakeFiles/CMakeTmp/CMakeFiles 1
Building C object CMakeFiles/cmTryCompileExec4280505394.dir/CheckFunctionExists.c.o
/usr/bin/gcc   -DCHECK_FUNCTION_EXISTS=remove   -o CMakeFiles/cmTryCompileExec4280505394.dir/CheckFunctionExists.c.o   -c /usr/share/cmake/Modules/CheckFunctionExists.c
Linking C executable cmTryCompileExec4280505394
/usr/bin/cmake -E cmake_link_script CMakeFiles/cmTryCompileExec4280505394.dir/link.txt --verbose=1
/usr/bin/gcc     -DCHECK_FUNCTION_EXISTS=remove    CMakeFiles/cmTryCompileExec4280505394.dir/CheckFunctionExists.c.o  -o cmTryCompileExec4280505394 -rdynamic 
gmake[1]: Leaving directory `/root/Documents/Project/LaurentGomila-SFML-f5b9c7e/CMakeFiles/CMakeTmp'


Determining if the function shmat exists passed with the following output:
Change Dir: /root/Documents/Project/LaurentGomila-SFML-f5b9c7e/CMakeFiles/CMakeTmp

Run Build Command:/usr/bin/gmake "cmTryCompileExec2254574946/fast"
/usr/bin/gmake -f CMakeFiles/cmTryCompileExec2254574946.dir/build.make CMakeFiles/cmTryCompileExec2254574946.dir/build
gmake[1]: Entering directory `/root/Documents/Project/LaurentGomila-SFML-f5b9c7e/CMakeFiles/CMakeTmp'
/usr/bin/cmake -E cmake_progress_report /root/Documents/Project/LaurentGomila-SFML-f5b9c7e/CMakeFiles/CMakeTmp/CMakeFiles 1
Building C object CMakeFiles/cmTryCompileExec2254574946.dir/CheckFunctionExists.c.o
/usr/bin/gcc   -DCHECK_FUNCTION_EXISTS=shmat   -o CMakeFiles/cmTryCompileExec2254574946.dir/CheckFunctionExists.c.o   -c /usr/share/cmake/Modules/CheckFunctionExists.c
Linking C executable cmTryCompileExec2254574946
/usr/bin/cmake -E cmake_link_script CMakeFiles/cmTryCompileExec2254574946.dir/link.txt --verbose=1
/usr/bin/gcc     -DCHECK_FUNCTION_EXISTS=shmat    CMakeFiles/cmTryCompileExec2254574946.dir/CheckFunctionExists.c.o  -o cmTryCompileExec2254574946 -rdynamic 
gmake[1]: Leaving directory `/root/Documents/Project/LaurentGomila-SFML-f5b9c7e/CMakeFiles/CMakeTmp'


